[2018-05-25 11:53:55.350] [jointLog] [info] parsing read library format
[2018-05-25 11:53:55.350] [jointLog] [info] There is 1 library.
[2018-05-25 11:53:55.395] [jointLog] [info] Loading Quasi index
[2018-05-25 11:53:55.396] [jointLog] [info] Loading 32-bit quasi index
[2018-05-25 11:53:59.362] [jointLog] [info] done
[2018-05-25 11:53:59.362] [jointLog] [info] Index contained 52122 targets
[2018-05-25 11:54:25.262] [fileLog] [info] 
At end of round 0
==================
Observed 9737614 total fragments (9737614 in most recent round)

[2018-05-25 11:54:25.262] [jointLog] [info] Computed 75567 rich equivalence classes for further processing
[2018-05-25 11:54:25.262] [jointLog] [info] Counted 7385997 total reads in the equivalence classes 
[2018-05-25 11:54:25.267] [jointLog] [info] Mapping rate = 75.8502%

[2018-05-25 11:54:25.267] [jointLog] [info] finished quantifyLibrary()
[2018-05-25 11:54:25.269] [jointLog] [info] Starting optimizer
[2018-05-25 11:54:25.308] [jointLog] [info] Marked 0 weighted equivalence classes as degenerate
[2018-05-25 11:54:25.310] [jointLog] [info] iteration = 0 | max rel diff. = 176.238
[2018-05-25 11:54:25.456] [jointLog] [info] iteration = 100 | max rel diff. = 0.109291
[2018-05-25 11:54:25.602] [jointLog] [info] iteration = 200 | max rel diff. = 0.0544483
[2018-05-25 11:54:25.748] [jointLog] [info] iteration = 300 | max rel diff. = 0.0356957
[2018-05-25 11:54:25.893] [jointLog] [info] iteration = 400 | max rel diff. = 0.0256325
[2018-05-25 11:54:26.039] [jointLog] [info] iteration = 500 | max rel diff. = 0.0210997
[2018-05-25 11:54:26.184] [jointLog] [info] iteration = 600 | max rel diff. = 0.0179249
[2018-05-25 11:54:26.330] [jointLog] [info] iteration = 700 | max rel diff. = 0.0152936
[2018-05-25 11:54:26.477] [jointLog] [info] iteration = 800 | max rel diff. = 0.0118792
[2018-05-25 11:54:26.622] [jointLog] [info] iteration = 900 | max rel diff. = 0.0109046
[2018-05-25 11:54:26.768] [jointLog] [info] iteration = 1000 | max rel diff. = 0.0109045
[2018-05-25 11:54:26.914] [jointLog] [info] iteration = 1100 | max rel diff. = 0.0105489
[2018-05-25 11:54:26.969] [jointLog] [info] iteration = 1139 | max rel diff. = 0.00841903
[2018-05-25 11:54:26.977] [jointLog] [info] Finished optimizer
[2018-05-25 11:54:26.977] [jointLog] [info] writing output 

